Using pre-set license
Built from '2020.3/staging' branch; Version is '2020.3.19f1 (68f137dc9bbe) revision 6877495'; Using compiler version '192528614'; Build Type 'Release'
OS: 'Windows 10 Home; OS build 19042.1288; Version 2009; 64bit' Language: 'en' Physical Memory: 8093 MB
BatchMode: 1, IsHumanControllingUs: 0, StartBugReporterOnCrash: 0, Is64bit: 1, IsPro: 0

COMMAND LINE ARGUMENTS:
C:\Program Files\Unity\Hub\Editor\2020.3.19f1\Editor\Unity.exe
-adb2
-batchMode
-noUpm
-name
AssetImportWorker0
-projectPath
D:/University/5th year/Fall/CSCI4168/Assignments/A1/a1/Assignment1StarterProject
-logFile
Logs/AssetImportWorker0.log
-srvPort
30192
Successfully changed project path to: D:/University/5th year/Fall/CSCI4168/Assignments/A1/a1/Assignment1StarterProject
D:/University/5th year/Fall/CSCI4168/Assignments/A1/a1/Assignment1StarterProject
Using Asset Import Pipeline V2.
Refreshing native plugins compatible for Editor in 109.69 ms, found 2 plugins.
Preloading 0 native plugins for Editor in 0.00 ms.
Initialize engine version: 2020.3.19f1 (68f137dc9bbe)
[Subsystems] Discovering subsystems at path C:/Program Files/Unity/Hub/Editor/2020.3.19f1/Editor/Data/Resources/UnitySubsystems
[Subsystems] Discovering subsystems at path D:/University/5th year/Fall/CSCI4168/Assignments/A1/a1/Assignment1StarterProject/Assets
GfxDevice: creating device client; threaded=0
Direct3D:
    Version:  Direct3D 11.0 [level 11.0]
    Renderer: NVIDIA GeForce 920M (ID=0x1299)
    Vendor:   
    VRAM:     2009 MB
    Driver:   24.21.13.9924
Initialize mono
Mono path[0] = 'C:/Program Files/Unity/Hub/Editor/2020.3.19f1/Editor/Data/Managed'
Mono path[1] = 'C:/Program Files/Unity/Hub/Editor/2020.3.19f1/Editor/Data/MonoBleedingEdge/lib/mono/unityjit'
Mono config path = 'C:/Program Files/Unity/Hub/Editor/2020.3.19f1/Editor/Data/MonoBleedingEdge/etc'
Using monoOptions --debugger-agent=transport=dt_socket,embedding=1,server=y,suspend=n,address=127.0.0.1:56796
Begin MonoManager ReloadAssembly
Registering precompiled unity dll's ...
Register platform support module: C:/Program Files/Unity/Hub/Editor/2020.3.19f1/Editor/Data/PlaybackEngines/WindowsStandaloneSupport/UnityEditor.WindowsStandalone.Extensions.dll
Registered in 0.014892 seconds.
Native extension for WindowsStandalone target not found
Refreshing native plugins compatible for Editor in 68.68 ms, found 2 plugins.
Preloading 0 native plugins for Editor in 0.00 ms.
Mono: successfully reloaded assembly
- Completed reload, in  3.282 seconds
Domain Reload Profiling:
	ReloadAssembly (3282ms)
		BeginReloadAssembly (251ms)
			ExecutionOrderSort (0ms)
			DisableScriptedObjects (0ms)
			BackupInstance (0ms)
			ReleaseScriptingObjects (0ms)
			CreateAndSetChildDomain (1ms)
		EndReloadAssembly (622ms)
			LoadAssemblies (227ms)
			RebuildTransferFunctionScriptingTraits (0ms)
			SetupTypeCache (211ms)
			ReleaseScriptCaches (0ms)
			RebuildScriptCaches (41ms)
			SetupLoadedEditorAssemblies (235ms)
				LogAssemblyErrors (0ms)
				InitializePlatformSupportModulesInManaged (8ms)
				SetLoadedEditorAssemblies (0ms)
				RefreshPlugins (69ms)
				BeforeProcessingInitializeOnLoad (23ms)
				ProcessInitializeOnLoadAttributes (99ms)
				ProcessInitializeOnLoadMethodAttributes (36ms)
				AfterProcessingInitializeOnLoad (0ms)
				EditorAssembliesLoaded (0ms)
			ExecutionOrderSort2 (0ms)
			AwakeInstancesAfterBackupRestoration (0ms)
Platform modules already initialized, skipping
Registering precompiled user dll's ...
Registered in 0.010802 seconds.
Begin MonoManager ReloadAssembly
Native extension for WindowsStandalone target not found
Refreshing native plugins compatible for Editor in 0.90 ms, found 2 plugins.
Preloading 0 native plugins for Editor in 0.00 ms.
Mono: successfully reloaded assembly
- Completed reload, in  2.292 seconds
Domain Reload Profiling:
	ReloadAssembly (2294ms)
		BeginReloadAssembly (354ms)
			ExecutionOrderSort (0ms)
			DisableScriptedObjects (6ms)
			BackupInstance (0ms)
			ReleaseScriptingObjects (0ms)
			CreateAndSetChildDomain (24ms)
		EndReloadAssembly (1783ms)
			LoadAssemblies (307ms)
			RebuildTransferFunctionScriptingTraits (0ms)
			SetupTypeCache (457ms)
			ReleaseScriptCaches (1ms)
			RebuildScriptCaches (77ms)
			SetupLoadedEditorAssemblies (919ms)
				LogAssemblyErrors (0ms)
				InitializePlatformSupportModulesInManaged (8ms)
				SetLoadedEditorAssemblies (1ms)
				RefreshPlugins (1ms)
				BeforeProcessingInitializeOnLoad (194ms)
				ProcessInitializeOnLoadAttributes (601ms)
				ProcessInitializeOnLoadMethodAttributes (51ms)
				AfterProcessingInitializeOnLoad (64ms)
				EditorAssembliesLoaded (0ms)
			ExecutionOrderSort2 (0ms)
			AwakeInstancesAfterBackupRestoration (10ms)
Platform modules already initialized, skipping
========================================================================
Worker process is ready to serve import requests
Shader 'Legacy Shaders/Diffuse': fallback shader 'Legacy Shaders/VertexLit' not found
Shader 'Legacy Shaders/Self-Illumin/VertexLit': fallback shader 'Legacy Shaders/VertexLit' not found
Shader 'Legacy Shaders/Bumped Specular': fallback shader 'Legacy Shaders/Specular' not found
Shader 'Legacy Shaders/Self-Illumin/Bumped Specular': fallback shader 'Legacy Shaders/Self-Illumin/Specular' not found
Shader 'Legacy Shaders/Self-Illumin/Diffuse': fallback shader 'Legacy Shaders/Self-Illumin/VertexLit' not found
Shader 'Legacy Shaders/Self-Illumin/Specular': fallback shader 'Legacy Shaders/Self-Illumin/Diffuse' not found
Shader 'Legacy Shaders/Diffuse': fallback shader 'Legacy Shaders/VertexLit' not found
Shader 'Legacy Shaders/Specular': fallback shader 'Legacy Shaders/VertexLit' not found
Launched and connected shader compiler UnityShaderCompiler.exe after 0.26 seconds
Refreshing native plugins compatible for Editor in 1.24 ms, found 2 plugins.
Preloading 0 native plugins for Editor in 0.00 ms.
Unloading 2488 Unused Serialized files (Serialized files now loaded: 0)
System memory in use before: 105.7 MB.
System memory in use after: 105.6 MB.

Unloading 61 unused Assets to reduce memory usage. Loaded Objects now: 2906.
Total: 8.524700 ms (FindLiveObjects: 0.251200 ms CreateObjectMapping: 0.109000 ms MarkObjects: 7.821400 ms  DeleteObjects: 0.341200 ms)

AssetImportParameters requested are different than current active one (requested -> active):
  custom:framework-win-MediaFoundation: 216162199b28c13a410421893ffa2e32 -> 
  custom:video-decoder-ogg-theora: a1e56fd34408186e4bbccfd4996cb3dc -> 
  custom:container-muxer-webm: aa71ff27fc2769a1b78a27578f13a17b -> 
  custom:container-demuxer-webm: 4f35f7cbe854078d1ac9338744f61a02 -> 
  custom:container-demuxer-ogg: 62fdf1f143b41e24485cea50d1cbac27 -> 
  custom:video-encoder-webm-vp8: eb34c28f22e8b96e1ab97ce403110664 -> 
  custom:video-codec-MediaFoundation-h265: 746d11721c4dcdbdad8f713fa42b33f4 -> 
  custom:video-decoder-webm-vp8: 9c59270c3fd7afecdb556c50c9e8de78 -> 
  custom:audio-decoder-ogg-vorbis: bf7c407c2cedff20999df2af8eb42d56 -> 
  custom:audio-encoder-webm-vorbis: bf7c407c2cedff20999df2af8eb42d56 -> 
========================================================================
Received Import Request.
  path: Assets/SpaceAssets/Lerpz.fbx
  artifactKey: Guid(4a461e42cd11fe64a0002e294ada8c59) Importer(815301076,1909f56bfc062723c751e8b465ee728b)
Start importing Assets/SpaceAssets/Lerpz.fbx using Guid(4a461e42cd11fe64a0002e294ada8c59) Importer(815301076,1909f56bfc062723c751e8b465ee728b)  -> (artifact id: '955bfa4c14f516275d74a7a750e46390') in 0.449019 seconds 
  Import took 0.482975 seconds .

========================================================================
Received Prepare
Registering precompiled user dll's ...
Registered in 0.030907 seconds.
Begin MonoManager ReloadAssembly
Native extension for WindowsStandalone target not found
Refreshing native plugins compatible for Editor in 1.15 ms, found 2 plugins.
Preloading 0 native plugins for Editor in 0.00 ms.
Mono: successfully reloaded assembly
- Completed reload, in  3.110 seconds
Domain Reload Profiling:
	ReloadAssembly (3111ms)
		BeginReloadAssembly (645ms)
			ExecutionOrderSort (0ms)
			DisableScriptedObjects (16ms)
			BackupInstance (0ms)
			ReleaseScriptingObjects (0ms)
			CreateAndSetChildDomain (96ms)
		EndReloadAssembly (2184ms)
			LoadAssemblies (634ms)
			RebuildTransferFunctionScriptingTraits (0ms)
			SetupTypeCache (677ms)
			ReleaseScriptCaches (1ms)
			RebuildScriptCaches (84ms)
			SetupLoadedEditorAssemblies (902ms)
				LogAssemblyErrors (0ms)
				InitializePlatformSupportModulesInManaged (11ms)
				SetLoadedEditorAssemblies (1ms)
				RefreshPlugins (1ms)
				BeforeProcessingInitializeOnLoad (214ms)
				ProcessInitializeOnLoadAttributes (552ms)
				ProcessInitializeOnLoadMethodAttributes (45ms)
				AfterProcessingInitializeOnLoad (77ms)
				EditorAssembliesLoaded (0ms)
			ExecutionOrderSort2 (0ms)
			AwakeInstancesAfterBackupRestoration (12ms)
Platform modules already initialized, skipping
Shader 'Legacy Shaders/Diffuse': fallback shader 'Legacy Shaders/VertexLit' not found
Shader 'Legacy Shaders/Bumped Specular': fallback shader 'Legacy Shaders/Specular' not found
Shader 'Legacy Shaders/Self-Illumin/Bumped Specular': fallback shader 'Legacy Shaders/Self-Illumin/Specular' not found
Shader 'Legacy Shaders/Self-Illumin/Specular': fallback shader 'Legacy Shaders/Self-Illumin/Diffuse' not found
Shader 'Legacy Shaders/Diffuse': fallback shader 'Legacy Shaders/VertexLit' not found
Shader 'Legacy Shaders/Specular': fallback shader 'Legacy Shaders/VertexLit' not found
Refreshing native plugins compatible for Editor in 0.98 ms, found 2 plugins.
Preloading 0 native plugins for Editor in 0.00 ms.
Unloading 2457 Unused Serialized files (Serialized files now loaded: 0)
System memory in use before: 119.5 MB.
System memory in use after: 119.7 MB.

Unloading 50 unused Assets to reduce memory usage. Loaded Objects now: 2920.
Total: 8.643000 ms (FindLiveObjects: 0.247200 ms CreateObjectMapping: 0.105500 ms MarkObjects: 8.243200 ms  DeleteObjects: 0.045200 ms)

AssetImportParameters requested are different than current active one (requested -> active):
  custom:framework-win-MediaFoundation: 216162199b28c13a410421893ffa2e32 -> 
  custom:video-decoder-ogg-theora: a1e56fd34408186e4bbccfd4996cb3dc -> 
  custom:container-muxer-webm: aa71ff27fc2769a1b78a27578f13a17b -> 
  custom:container-demuxer-webm: 4f35f7cbe854078d1ac9338744f61a02 -> 
  custom:container-demuxer-ogg: 62fdf1f143b41e24485cea50d1cbac27 -> 
  custom:video-encoder-webm-vp8: eb34c28f22e8b96e1ab97ce403110664 -> 
  custom:video-codec-MediaFoundation-h265: 746d11721c4dcdbdad8f713fa42b33f4 -> 
  custom:video-decoder-webm-vp8: 9c59270c3fd7afecdb556c50c9e8de78 -> 
  custom:audio-decoder-ogg-vorbis: bf7c407c2cedff20999df2af8eb42d56 -> 
  custom:audio-encoder-webm-vorbis: bf7c407c2cedff20999df2af8eb42d56 -> 
========================================================================
Received Import Request.
  Time since last request: 3424.454144 seconds.
  path: Assets/Prefabs/FloatingPlatformWithLightPost.prefab
  artifactKey: Guid(1408c9e1a93c3574c92480ca559d6c4f) Importer(815301076,1909f56bfc062723c751e8b465ee728b)
Start importing Assets/Prefabs/FloatingPlatformWithLightPost.prefab using Guid(1408c9e1a93c3574c92480ca559d6c4f) Importer(815301076,1909f56bfc062723c751e8b465ee728b)  -> (artifact id: '00bb5c8d8550b6bcbce3e8bbd97ac0e3') in 0.185610 seconds 
  Import took 0.222923 seconds .

========================================================================
Received Import Request.
  Time since last request: 10.092653 seconds.
  path: Assets/Prefabs/LavaGround.prefab
  artifactKey: Guid(e2b9635e1bd4a5c45973999674f5e014) Importer(815301076,1909f56bfc062723c751e8b465ee728b)
Start importing Assets/Prefabs/LavaGround.prefab using Guid(e2b9635e1bd4a5c45973999674f5e014) Importer(815301076,1909f56bfc062723c751e8b465ee728b)  -> (artifact id: 'd91fc6a653792cc38dc3ff0967f16251') in 0.095620 seconds 
  Import took 0.137421 seconds .

========================================================================
Received Import Request.
  Time since last request: 13.102981 seconds.
  path: Assets/Prefabs/Bridge.prefab
  artifactKey: Guid(7f5114aec38396f48bb0ad45750b8260) Importer(815301076,1909f56bfc062723c751e8b465ee728b)
Start importing Assets/Prefabs/Bridge.prefab using Guid(7f5114aec38396f48bb0ad45750b8260) Importer(815301076,1909f56bfc062723c751e8b465ee728b)  -> (artifact id: 'b816df071bc5c61b9cca2e9735751d46') in 0.089649 seconds 
  Import took 0.095831 seconds .

========================================================================
Received Import Request.
  Time since last request: 12.217849 seconds.
  path: Assets/Prefabs/CrateTower1.prefab
  artifactKey: Guid(71ea0b03c331caa4cbe30dec9a6aeb1a) Importer(815301076,1909f56bfc062723c751e8b465ee728b)
Start importing Assets/Prefabs/CrateTower1.prefab using Guid(71ea0b03c331caa4cbe30dec9a6aeb1a) Importer(815301076,1909f56bfc062723c751e8b465ee728b)  -> (artifact id: '50f548bda156845760d95e99e1d81d9e') in 0.073089 seconds 
  Import took 0.084502 seconds .

========================================================================
Received Import Request.
  Time since last request: 3.615462 seconds.
  path: Assets/Prefabs/CratePath1.prefab
  artifactKey: Guid(6ae498677d567a04c940081e3c2be87a) Importer(815301076,1909f56bfc062723c751e8b465ee728b)
Start importing Assets/Prefabs/CratePath1.prefab using Guid(6ae498677d567a04c940081e3c2be87a) Importer(815301076,1909f56bfc062723c751e8b465ee728b)  -> (artifact id: 'b4d27869373faf53c587769bae125fd6') in 0.091521 seconds 
  Import took 0.100523 seconds .

========================================================================
Received Import Request.
  Time since last request: 7.259482 seconds.
  path: Assets/Prefabs/CratePath2.prefab
  artifactKey: Guid(580adac659609d84c83557043fb910b0) Importer(815301076,1909f56bfc062723c751e8b465ee728b)
Start importing Assets/Prefabs/CratePath2.prefab using Guid(580adac659609d84c83557043fb910b0) Importer(815301076,1909f56bfc062723c751e8b465ee728b)  -> (artifact id: '5941f60840e5de0d9afc7302b16436ce') in 0.022610 seconds 
  Import took 0.032227 seconds .

========================================================================
Received Prepare
Registering precompiled user dll's ...
Registered in 0.679729 seconds.
Begin MonoManager ReloadAssembly
Native extension for WindowsStandalone target not found
Refreshing native plugins compatible for Editor in 1.05 ms, found 2 plugins.
Preloading 0 native plugins for Editor in 0.00 ms.
Mono: successfully reloaded assembly
- Completed reload, in  2.736 seconds
Domain Reload Profiling:
	ReloadAssembly (2737ms)
		BeginReloadAssembly (428ms)
			ExecutionOrderSort (0ms)
			DisableScriptedObjects (11ms)
			BackupInstance (0ms)
			ReleaseScriptingObjects (0ms)
			CreateAndSetChildDomain (60ms)
		EndReloadAssembly (2137ms)
			LoadAssemblies (381ms)
			RebuildTransferFunctionScriptingTraits (0ms)
			SetupTypeCache (628ms)
			ReleaseScriptCaches (1ms)
			RebuildScriptCaches (88ms)
			SetupLoadedEditorAssemblies (1060ms)
				LogAssemblyErrors (0ms)
				InitializePlatformSupportModulesInManaged (9ms)
				SetLoadedEditorAssemblies (1ms)
				RefreshPlugins (1ms)
				BeforeProcessingInitializeOnLoad (223ms)
				ProcessInitializeOnLoadAttributes (685ms)
				ProcessInitializeOnLoadMethodAttributes (70ms)
				AfterProcessingInitializeOnLoad (71ms)
				EditorAssembliesLoaded (0ms)
			ExecutionOrderSort2 (0ms)
			AwakeInstancesAfterBackupRestoration (10ms)
Platform modules already initialized, skipping
Shader 'Legacy Shaders/Diffuse': fallback shader 'Legacy Shaders/VertexLit' not found
Shader 'Legacy Shaders/Bumped Specular': fallback shader 'Legacy Shaders/Specular' not found
Shader 'Legacy Shaders/Self-Illumin/Bumped Specular': fallback shader 'Legacy Shaders/Self-Illumin/Specular' not found
Shader 'Legacy Shaders/Self-Illumin/Specular': fallback shader 'Legacy Shaders/Self-Illumin/Diffuse' not found
Shader 'Legacy Shaders/Diffuse': fallback shader 'Legacy Shaders/VertexLit' not found
Shader 'Legacy Shaders/Specular': fallback shader 'Legacy Shaders/VertexLit' not found
Refreshing native plugins compatible for Editor in 1.00 ms, found 2 plugins.
Preloading 0 native plugins for Editor in 0.00 ms.
Unloading 2456 Unused Serialized files (Serialized files now loaded: 0)
System memory in use before: 119.6 MB.
System memory in use after: 119.8 MB.

Unloading 50 unused Assets to reduce memory usage. Loaded Objects now: 2924.
Total: 8.982000 ms (FindLiveObjects: 0.290500 ms CreateObjectMapping: 0.117400 ms MarkObjects: 8.527200 ms  DeleteObjects: 0.045200 ms)

AssetImportParameters requested are different than current active one (requested -> active):
  custom:framework-win-MediaFoundation: 216162199b28c13a410421893ffa2e32 -> 
  custom:video-decoder-ogg-theora: a1e56fd34408186e4bbccfd4996cb3dc -> 
  custom:container-muxer-webm: aa71ff27fc2769a1b78a27578f13a17b -> 
  custom:container-demuxer-webm: 4f35f7cbe854078d1ac9338744f61a02 -> 
  custom:container-demuxer-ogg: 62fdf1f143b41e24485cea50d1cbac27 -> 
  custom:video-encoder-webm-vp8: eb34c28f22e8b96e1ab97ce403110664 -> 
  custom:video-codec-MediaFoundation-h265: 746d11721c4dcdbdad8f713fa42b33f4 -> 
  custom:video-decoder-webm-vp8: 9c59270c3fd7afecdb556c50c9e8de78 -> 
  custom:audio-decoder-ogg-vorbis: bf7c407c2cedff20999df2af8eb42d56 -> 
  custom:audio-encoder-webm-vorbis: bf7c407c2cedff20999df2af8eb42d56 -> 
========================================================================
Received Import Request.
  Time since last request: 2513.345411 seconds.
  path: Assets/Prefabs/FuelCell.prefab
  artifactKey: Guid(f30d64c302a86254796fcf40d642337e) Importer(815301076,1909f56bfc062723c751e8b465ee728b)
Start importing Assets/Prefabs/FuelCell.prefab using Guid(f30d64c302a86254796fcf40d642337e) Importer(815301076,1909f56bfc062723c751e8b465ee728b)  -> (artifact id: 'd24aaf14ab73fc6c82c3407acd8a2ea8') in 0.362140 seconds 
  Import took 0.387276 seconds .

========================================================================
Received Import Request.
  Time since last request: 109.842887 seconds.
  path: Assets/Prefabs/Animatio
  artifactKey: Guid(6dac91331a8c5384ea746ea4133f5ca0) Importer(815301076,1909f56bfc062723c751e8b465ee728b)
Start importing Assets/Prefabs/Animatio using Guid(6dac91331a8c5384ea746ea4133f5ca0) Importer(815301076,1909f56bfc062723c751e8b465ee728b)  -> (artifact id: '02cca2512a91b0ed2dc96fa7d4d3479a') in 0.024964 seconds 
  Import took 0.136872 seconds .

========================================================================
Received Import Request.
  Time since last request: 8.061346 seconds.
  path: Assets/Prefabs/Animation
  artifactKey: Guid(6dac91331a8c5384ea746ea4133f5ca0) Importer(815301076,1909f56bfc062723c751e8b465ee728b)
Start importing Assets/Prefabs/Animation using Guid(6dac91331a8c5384ea746ea4133f5ca0) Importer(815301076,1909f56bfc062723c751e8b465ee728b)  -> (artifact id: '1e8155eb0648c37029af3847f5dca039') in 0.016871 seconds 
  Import took 0.053420 seconds .

========================================================================
Received Prepare
Registering precompiled user dll's ...
Registered in 0.023288 seconds.
Begin MonoManager ReloadAssembly
Native extension for WindowsStandalone target not found
Refreshing native plugins compatible for Editor in 1.31 ms, found 2 plugins.
Preloading 0 native plugins for Editor in 0.00 ms.
Mono: successfully reloaded assembly
- Completed reload, in  3.823 seconds
Domain Reload Profiling:
	ReloadAssembly (3824ms)
		BeginReloadAssembly (649ms)
			ExecutionOrderSort (0ms)
			DisableScriptedObjects (16ms)
			BackupInstance (0ms)
			ReleaseScriptingObjects (0ms)
			CreateAndSetChildDomain (103ms)
		EndReloadAssembly (2877ms)
			LoadAssemblies (597ms)
			RebuildTransferFunctionScriptingTraits (0ms)
			SetupTypeCache (645ms)
			ReleaseScriptCaches (2ms)
			RebuildScriptCaches (126ms)
			SetupLoadedEditorAssemblies (1530ms)
				LogAssemblyErrors (0ms)
				InitializePlatformSupportModulesInManaged (20ms)
				SetLoadedEditorAssemblies (1ms)
				RefreshPlugins (2ms)
				BeforeProcessingInitializeOnLoad (492ms)
				ProcessInitializeOnLoadAttributes (896ms)
				ProcessInitializeOnLoadMethodAttributes (52ms)
				AfterProcessingInitializeOnLoad (66ms)
				EditorAssembliesLoaded (0ms)
			ExecutionOrderSort2 (0ms)
			AwakeInstancesAfterBackupRestoration (10ms)
Platform modules already initialized, skipping
Shader 'Legacy Shaders/Diffuse': fallback shader 'Legacy Shaders/VertexLit' not found
Shader 'Legacy Shaders/Bumped Specular': fallback shader 'Legacy Shaders/Specular' not found
Shader 'Legacy Shaders/Self-Illumin/Bumped Specular': fallback shader 'Legacy Shaders/Self-Illumin/Specular' not found
Shader 'Legacy Shaders/Self-Illumin/Specular': fallback shader 'Legacy Shaders/Self-Illumin/Diffuse' not found
Shader 'Legacy Shaders/Diffuse': fallback shader 'Legacy Shaders/VertexLit' not found
Shader 'Legacy Shaders/Specular': fallback shader 'Legacy Shaders/VertexLit' not found
Refreshing native plugins compatible for Editor in 1.12 ms, found 2 plugins.
Preloading 0 native plugins for Editor in 0.00 ms.
Unloading 2456 Unused Serialized files (Serialized files now loaded: 0)
System memory in use before: 119.7 MB.
System memory in use after: 119.9 MB.

Unloading 50 unused Assets to reduce memory usage. Loaded Objects now: 2927.
Total: 10.364600 ms (FindLiveObjects: 0.355800 ms CreateObjectMapping: 0.233900 ms MarkObjects: 9.721000 ms  DeleteObjects: 0.051600 ms)

AssetImportParameters requested are different than current active one (requested -> active):
  custom:framework-win-MediaFoundation: 216162199b28c13a410421893ffa2e32 -> 
  custom:video-decoder-ogg-theora: a1e56fd34408186e4bbccfd4996cb3dc -> 
  custom:container-muxer-webm: aa71ff27fc2769a1b78a27578f13a17b -> 
  custom:container-demuxer-webm: 4f35f7cbe854078d1ac9338744f61a02 -> 
  custom:container-demuxer-ogg: 62fdf1f143b41e24485cea50d1cbac27 -> 
  custom:video-encoder-webm-vp8: eb34c28f22e8b96e1ab97ce403110664 -> 
  custom:video-codec-MediaFoundation-h265: 746d11721c4dcdbdad8f713fa42b33f4 -> 
  custom:video-decoder-webm-vp8: 9c59270c3fd7afecdb556c50c9e8de78 -> 
  custom:audio-decoder-ogg-vorbis: bf7c407c2cedff20999df2af8eb42d56 -> 
  custom:audio-encoder-webm-vorbis: bf7c407c2cedff20999df2af8eb42d56 -> 
========================================================================
Received Import Request.
  Time since last request: 1214.282181 seconds.
  path: Assets/Prefabs/Animation/fuelCell.anim
  artifactKey: Guid(94e3aaddf93d0c1478ade3e052e74071) Importer(815301076,1909f56bfc062723c751e8b465ee728b)
Start importing Assets/Prefabs/Animation/fuelCell.anim using Guid(94e3aaddf93d0c1478ade3e052e74071) Importer(815301076,1909f56bfc062723c751e8b465ee728b)  -> (artifact id: 'dafba05c92988c8b3775124120874c9c') in 0.064451 seconds 
  Import took 0.112169 seconds .

========================================================================
Received Import Request.
  Time since last request: 160.000998 seconds.
  path: Assets/Materials/Ground.mat
  artifactKey: Guid(bd0c6671f6d472b46b47f06d47df3d92) Importer(815301076,1909f56bfc062723c751e8b465ee728b)
Start importing Assets/Materials/Ground.mat using Guid(bd0c6671f6d472b46b47f06d47df3d92) Importer(815301076,1909f56bfc062723c751e8b465ee728b)  -> (artifact id: '6985519857e0c3a2c602701006e2a7aa') in 0.505014 seconds 
  Import took 0.513232 seconds .

========================================================================
Received Prepare
Registering precompiled user dll's ...
Registered in 0.010788 seconds.
Begin MonoManager ReloadAssembly
Native extension for WindowsStandalone target not found
Refreshing native plugins compatible for Editor in 1.02 ms, found 2 plugins.
Preloading 0 native plugins for Editor in 0.00 ms.
Mono: successfully reloaded assembly
- Completed reload, in  2.063 seconds
Domain Reload Profiling:
	ReloadAssembly (2063ms)
		BeginReloadAssembly (320ms)
			ExecutionOrderSort (0ms)
			DisableScriptedObjects (7ms)
			BackupInstance (0ms)
			ReleaseScriptingObjects (0ms)
			CreateAndSetChildDomain (46ms)
		EndReloadAssembly (1597ms)
			LoadAssemblies (310ms)
			RebuildTransferFunctionScriptingTraits (0ms)
			SetupTypeCache (414ms)
			ReleaseScriptCaches (1ms)
			RebuildScriptCaches (56ms)
			SetupLoadedEditorAssemblies (792ms)
				LogAssemblyErrors (0ms)
				InitializePlatformSupportModulesInManaged (9ms)
				SetLoadedEditorAssemblies (1ms)
				RefreshPlugins (1ms)
				BeforeProcessingInitializeOnLoad (163ms)
				ProcessInitializeOnLoadAttributes (511ms)
				ProcessInitializeOnLoadMethodAttributes (47ms)
				AfterProcessingInitializeOnLoad (60ms)
				EditorAssembliesLoaded (0ms)
			ExecutionOrderSort2 (0ms)
			AwakeInstancesAfterBackupRestoration (9ms)
Platform modules already initialized, skipping
Shader 'Legacy Shaders/Diffuse': fallback shader 'Legacy Shaders/VertexLit' not found
Shader 'Legacy Shaders/Bumped Specular': fallback shader 'Legacy Shaders/Specular' not found
Shader 'Legacy Shaders/Self-Illumin/Bumped Specular': fallback shader 'Legacy Shaders/Self-Illumin/Specular' not found
Shader 'Legacy Shaders/Self-Illumin/Specular': fallback shader 'Legacy Shaders/Self-Illumin/Diffuse' not found
Shader 'Legacy Shaders/Diffuse': fallback shader 'Legacy Shaders/VertexLit' not found
Shader 'Legacy Shaders/Specular': fallback shader 'Legacy Shaders/VertexLit' not found
Refreshing native plugins compatible for Editor in 0.95 ms, found 2 plugins.
Preloading 0 native plugins for Editor in 0.00 ms.
Unloading 2456 Unused Serialized files (Serialized files now loaded: 0)
System memory in use before: 119.8 MB.
System memory in use after: 120.1 MB.

Unloading 50 unused Assets to reduce memory usage. Loaded Objects now: 2963.
Total: 8.439900 ms (FindLiveObjects: 0.288100 ms CreateObjectMapping: 0.116000 ms MarkObjects: 7.988900 ms  DeleteObjects: 0.044000 ms)

AssetImportParameters requested are different than current active one (requested -> active):
  custom:framework-win-MediaFoundation: 216162199b28c13a410421893ffa2e32 -> 
  custom:video-decoder-ogg-theora: a1e56fd34408186e4bbccfd4996cb3dc -> 
  custom:container-muxer-webm: aa71ff27fc2769a1b78a27578f13a17b -> 
  custom:container-demuxer-webm: 4f35f7cbe854078d1ac9338744f61a02 -> 
  custom:container-demuxer-ogg: 62fdf1f143b41e24485cea50d1cbac27 -> 
  custom:video-encoder-webm-vp8: eb34c28f22e8b96e1ab97ce403110664 -> 
  custom:video-codec-MediaFoundation-h265: 746d11721c4dcdbdad8f713fa42b33f4 -> 
  custom:video-decoder-webm-vp8: 9c59270c3fd7afecdb556c50c9e8de78 -> 
  custom:audio-decoder-ogg-vorbis: bf7c407c2cedff20999df2af8eb42d56 -> 
  custom:audio-encoder-webm-vorbis: bf7c407c2cedff20999df2af8eb42d56 -> 
========================================================================
Received Prepare
Registering precompiled user dll's ...
Registered in 0.234757 seconds.
Begin MonoManager ReloadAssembly
Native extension for WindowsStandalone target not found
Refreshing native plugins compatible for Editor in 7.43 ms, found 2 plugins.
Preloading 0 native plugins for Editor in 0.00 ms.
Mono: successfully reloaded assembly
- Completed reload, in  5.574 seconds
Domain Reload Profiling:
	ReloadAssembly (5575ms)
		BeginReloadAssembly (669ms)
			ExecutionOrderSort (0ms)
			DisableScriptedObjects (17ms)
			BackupInstance (0ms)
			ReleaseScriptingObjects (0ms)
			CreateAndSetChildDomain (85ms)
		EndReloadAssembly (4516ms)
			LoadAssemblies (825ms)
			RebuildTransferFunctionScriptingTraits (0ms)
			SetupTypeCache (967ms)
			ReleaseScriptCaches (2ms)
			RebuildScriptCaches (131ms)
			SetupLoadedEditorAssemblies (2403ms)
				LogAssemblyErrors (0ms)
				InitializePlatformSupportModulesInManaged (21ms)
				SetLoadedEditorAssemblies (1ms)
				RefreshPlugins (8ms)
				BeforeProcessingInitializeOnLoad (407ms)
				ProcessInitializeOnLoadAttributes (1808ms)
				ProcessInitializeOnLoadMethodAttributes (69ms)
				AfterProcessingInitializeOnLoad (89ms)
				EditorAssembliesLoaded (0ms)
			ExecutionOrderSort2 (0ms)
			AwakeInstancesAfterBackupRestoration (14ms)
Platform modules already initialized, skipping
Shader 'Legacy Shaders/Diffuse': fallback shader 'Legacy Shaders/VertexLit' not found
Shader 'Legacy Shaders/Bumped Specular': fallback shader 'Legacy Shaders/Specular' not found
Shader 'Legacy Shaders/Self-Illumin/Bumped Specular': fallback shader 'Legacy Shaders/Self-Illumin/Specular' not found
Shader 'Legacy Shaders/Self-Illumin/Specular': fallback shader 'Legacy Shaders/Self-Illumin/Diffuse' not found
Shader 'Legacy Shaders/Diffuse': fallback shader 'Legacy Shaders/VertexLit' not found
Shader 'Legacy Shaders/Specular': fallback shader 'Legacy Shaders/VertexLit' not found
Refreshing native plugins compatible for Editor in 1.07 ms, found 2 plugins.
Preloading 0 native plugins for Editor in 0.00 ms.
Unloading 2456 Unused Serialized files (Serialized files now loaded: 0)
System memory in use before: 119.7 MB.
System memory in use after: 120.0 MB.

Unloading 50 unused Assets to reduce memory usage. Loaded Objects now: 2965.
Total: 7.886600 ms (FindLiveObjects: 0.266100 ms CreateObjectMapping: 0.113500 ms MarkObjects: 7.467100 ms  DeleteObjects: 0.037900 ms)

AssetImportParameters requested are different than current active one (requested -> active):
  custom:framework-win-MediaFoundation: 216162199b28c13a410421893ffa2e32 -> 
  custom:video-decoder-ogg-theora: a1e56fd34408186e4bbccfd4996cb3dc -> 
  custom:container-muxer-webm: aa71ff27fc2769a1b78a27578f13a17b -> 
  custom:container-demuxer-webm: 4f35f7cbe854078d1ac9338744f61a02 -> 
  custom:container-demuxer-ogg: 62fdf1f143b41e24485cea50d1cbac27 -> 
  custom:video-encoder-webm-vp8: eb34c28f22e8b96e1ab97ce403110664 -> 
  custom:video-codec-MediaFoundation-h265: 746d11721c4dcdbdad8f713fa42b33f4 -> 
  custom:video-decoder-webm-vp8: 9c59270c3fd7afecdb556c50c9e8de78 -> 
  custom:audio-decoder-ogg-vorbis: bf7c407c2cedff20999df2af8eb42d56 -> 
  custom:audio-encoder-webm-vorbis: bf7c407c2cedff20999df2af8eb42d56 -> 
========================================================================
Received Import Request.
  Time since last request: 359.457392 seconds.
  path: Assets/Prefabs/Fuel.prefab
  artifactKey: Guid(7bae63ce0753fd542858646c63b94a92) Importer(815301076,1909f56bfc062723c751e8b465ee728b)
Start importing Assets/Prefabs/Fuel.prefab using Guid(7bae63ce0753fd542858646c63b94a92) Importer(815301076,1909f56bfc062723c751e8b465ee728b)  -> (artifact id: '6cbf6b7c90582d0f52035bd62330cced') in 0.185983 seconds 
  Import took 0.221964 seconds .

========================================================================
Received Import Request.
  Time since last request: 88.951536 seconds.
  path: Assets/Prefabs/Fuel.prefab
  artifactKey: Guid(f30d64c302a86254796fcf40d642337e) Importer(815301076,1909f56bfc062723c751e8b465ee728b)
Start importing Assets/Prefabs/Fuel.prefab using Guid(f30d64c302a86254796fcf40d642337e) Importer(815301076,1909f56bfc062723c751e8b465ee728b)  -> (artifact id: 'ccf5919e8c5d5f56a88c723829df0dae') in 0.066521 seconds 
  Import took 0.087443 seconds .

========================================================================
Received Prepare
Registering precompiled user dll's ...
Registered in 0.014674 seconds.
Begin MonoManager ReloadAssembly
Native extension for WindowsStandalone target not found
Refreshing native plugins compatible for Editor in 0.95 ms, found 2 plugins.
Preloading 0 native plugins for Editor in 0.00 ms.
Mono: successfully reloaded assembly
- Completed reload, in  2.089 seconds
Domain Reload Profiling:
	ReloadAssembly (2090ms)
		BeginReloadAssembly (305ms)
			ExecutionOrderSort (0ms)
			DisableScriptedObjects (7ms)
			BackupInstance (0ms)
			ReleaseScriptingObjects (0ms)
			CreateAndSetChildDomain (46ms)
		EndReloadAssembly (1641ms)
			LoadAssemblies (293ms)
			RebuildTransferFunctionScriptingTraits (0ms)
			SetupTypeCache (409ms)
			ReleaseScriptCaches (1ms)
			RebuildScriptCaches (56ms)
			SetupLoadedEditorAssemblies (862ms)
				LogAssemblyErrors (0ms)
				InitializePlatformSupportModulesInManaged (8ms)
				SetLoadedEditorAssemblies (1ms)
				RefreshPlugins (1ms)
				BeforeProcessingInitializeOnLoad (161ms)
				ProcessInitializeOnLoadAttributes (568ms)
				ProcessInitializeOnLoadMethodAttributes (55ms)
				AfterProcessingInitializeOnLoad (69ms)
				EditorAssembliesLoaded (0ms)
			ExecutionOrderSort2 (0ms)
			AwakeInstancesAfterBackupRestoration (10ms)
Platform modules already initialized, skipping
Shader 'Legacy Shaders/Diffuse': fallback shader 'Legacy Shaders/VertexLit' not found
Shader 'Legacy Shaders/Bumped Specular': fallback shader 'Legacy Shaders/Specular' not found
Shader 'Legacy Shaders/Self-Illumin/Bumped Specular': fallback shader 'Legacy Shaders/Self-Illumin/Specular' not found
Shader 'Legacy Shaders/Self-Illumin/Specular': fallback shader 'Legacy Shaders/Self-Illumin/Diffuse' not found
Shader 'Legacy Shaders/Diffuse': fallback shader 'Legacy Shaders/VertexLit' not found
Shader 'Legacy Shaders/Specular': fallback shader 'Legacy Shaders/VertexLit' not found
Refreshing native plugins compatible for Editor in 1.02 ms, found 2 plugins.
Preloading 0 native plugins for Editor in 0.00 ms.
Unloading 2456 Unused Serialized files (Serialized files now loaded: 0)
System memory in use before: 119.9 MB.
System memory in use after: 120.1 MB.

Unloading 50 unused Assets to reduce memory usage. Loaded Objects now: 2968.
Total: 8.536900 ms (FindLiveObjects: 0.302800 ms CreateObjectMapping: 0.111500 ms MarkObjects: 8.076100 ms  DeleteObjects: 0.044700 ms)

AssetImportParameters requested are different than current active one (requested -> active):
  custom:framework-win-MediaFoundation: 216162199b28c13a410421893ffa2e32 -> 
  custom:video-decoder-ogg-theora: a1e56fd34408186e4bbccfd4996cb3dc -> 
  custom:container-muxer-webm: aa71ff27fc2769a1b78a27578f13a17b -> 
  custom:container-demuxer-webm: 4f35f7cbe854078d1ac9338744f61a02 -> 
  custom:container-demuxer-ogg: 62fdf1f143b41e24485cea50d1cbac27 -> 
  custom:video-encoder-webm-vp8: eb34c28f22e8b96e1ab97ce403110664 -> 
  custom:video-codec-MediaFoundation-h265: 746d11721c4dcdbdad8f713fa42b33f4 -> 
  custom:video-decoder-webm-vp8: 9c59270c3fd7afecdb556c50c9e8de78 -> 
  custom:audio-decoder-ogg-vorbis: bf7c407c2cedff20999df2af8eb42d56 -> 
  custom:audio-encoder-webm-vorbis: bf7c407c2cedff20999df2af8eb42d56 -> 
========================================================================
Received Import Request.
  Time since last request: 419.751595 seconds.
  path: Assets/Prefabs/Fuel Variant.prefab
  artifactKey: Guid(9ec373ed4ba02b941b6ef313a4516542) Importer(815301076,1909f56bfc062723c751e8b465ee728b)
Start importing Assets/Prefabs/Fuel Variant.prefab using Guid(9ec373ed4ba02b941b6ef313a4516542) Importer(815301076,1909f56bfc062723c751e8b465ee728b)  -> (artifact id: '95381306358b0ed1c4c266f9732de67f') in 0.116515 seconds 
  Import took 0.122023 seconds .

========================================================================
Received Import Request.
  Time since last request: 217.692614 seconds.
  path: Assets/Scripts/FuelPickUp.cs
  artifactKey: Guid(7f8839c9ba3622544838c50e5e330858) Importer(815301076,1909f56bfc062723c751e8b465ee728b)
Start importing Assets/Scripts/FuelPickUp.cs using Guid(7f8839c9ba3622544838c50e5e330858) Importer(815301076,1909f56bfc062723c751e8b465ee728b)  -> (artifact id: 'adb63ac5b3cf918d7ea906aa21c84e53') in 0.057901 seconds 
  Import took 0.077332 seconds .

========================================================================
Received Prepare
Registering precompiled user dll's ...
Registered in 0.026248 seconds.
Begin MonoManager ReloadAssembly
Native extension for WindowsStandalone target not found
Refreshing native plugins compatible for Editor in 0.93 ms, found 2 plugins.
Preloading 0 native plugins for Editor in 0.00 ms.
Mono: successfully reloaded assembly
- Completed reload, in  2.056 seconds
Domain Reload Profiling:
	ReloadAssembly (2056ms)
		BeginReloadAssembly (300ms)
			ExecutionOrderSort (0ms)
			DisableScriptedObjects (8ms)
			BackupInstance (0ms)
			ReleaseScriptingObjects (0ms)
			CreateAndSetChildDomain (45ms)
		EndReloadAssembly (1576ms)
			LoadAssemblies (294ms)
			RebuildTransferFunctionScriptingTraits (0ms)
			SetupTypeCache (414ms)
			ReleaseScriptCaches (1ms)
			RebuildScriptCaches (56ms)
			SetupLoadedEditorAssemblies (790ms)
				LogAssemblyErrors (0ms)
				InitializePlatformSupportModulesInManaged (10ms)
				SetLoadedEditorAssemblies (1ms)
				RefreshPlugins (1ms)
				BeforeProcessingInitializeOnLoad (167ms)
				ProcessInitializeOnLoadAttributes (497ms)
				ProcessInitializeOnLoadMethodAttributes (51ms)
				AfterProcessingInitializeOnLoad (64ms)
				EditorAssembliesLoaded (0ms)
			ExecutionOrderSort2 (0ms)
			AwakeInstancesAfterBackupRestoration (10ms)
Platform modules already initialized, skipping
Shader 'Legacy Shaders/Diffuse': fallback shader 'Legacy Shaders/VertexLit' not found
Shader 'Legacy Shaders/Bumped Specular': fallback shader 'Legacy Shaders/Specular' not found
Shader 'Legacy Shaders/Self-Illumin/Bumped Specular': fallback shader 'Legacy Shaders/Self-Illumin/Specular' not found
Shader 'Legacy Shaders/Self-Illumin/Specular': fallback shader 'Legacy Shaders/Self-Illumin/Diffuse' not found
Shader 'Legacy Shaders/Diffuse': fallback shader 'Legacy Shaders/VertexLit' not found
Shader 'Legacy Shaders/Specular': fallback shader 'Legacy Shaders/VertexLit' not found
Refreshing native plugins compatible for Editor in 1.19 ms, found 2 plugins.
Preloading 0 native plugins for Editor in 0.00 ms.
Unloading 2457 Unused Serialized files (Serialized files now loaded: 0)
System memory in use before: 119.9 MB.
System memory in use after: 120.1 MB.

Unloading 50 unused Assets to reduce memory usage. Loaded Objects now: 2972.
Total: 9.069800 ms (FindLiveObjects: 0.312800 ms CreateObjectMapping: 0.158800 ms MarkObjects: 8.542400 ms  DeleteObjects: 0.054200 ms)

AssetImportParameters requested are different than current active one (requested -> active):
  custom:framework-win-MediaFoundation: 216162199b28c13a410421893ffa2e32 -> 
  custom:video-decoder-ogg-theora: a1e56fd34408186e4bbccfd4996cb3dc -> 
  custom:container-muxer-webm: aa71ff27fc2769a1b78a27578f13a17b -> 
  custom:container-demuxer-webm: 4f35f7cbe854078d1ac9338744f61a02 -> 
  custom:container-demuxer-ogg: 62fdf1f143b41e24485cea50d1cbac27 -> 
  custom:video-encoder-webm-vp8: eb34c28f22e8b96e1ab97ce403110664 -> 
  custom:video-codec-MediaFoundation-h265: 746d11721c4dcdbdad8f713fa42b33f4 -> 
  custom:video-decoder-webm-vp8: 9c59270c3fd7afecdb556c50c9e8de78 -> 
  custom:audio-decoder-ogg-vorbis: bf7c407c2cedff20999df2af8eb42d56 -> 
  custom:audio-encoder-webm-vorbis: bf7c407c2cedff20999df2af8eb42d56 -> 
========================================================================
Received Import Request.
  Time since last request: 59.123451 seconds.
  path: Assets/Scripts/PlayerAnimationController.cs
  artifactKey: Guid(55b103eac833b334e96a9d7b43035bb6) Importer(815301076,1909f56bfc062723c751e8b465ee728b)
Start importing Assets/Scripts/PlayerAnimationController.cs using Guid(55b103eac833b334e96a9d7b43035bb6) Importer(815301076,1909f56bfc062723c751e8b465ee728b)  -> (artifact id: '1d5148fae3703df784d15ada4042fda7') in 0.027512 seconds 
  Import took 0.073169 seconds .

========================================================================
Received Prepare
Registering precompiled user dll's ...
Registered in 0.015064 seconds.
Begin MonoManager ReloadAssembly
Native extension for WindowsStandalone target not found
Refreshing native plugins compatible for Editor in 0.96 ms, found 2 plugins.
Preloading 0 native plugins for Editor in 0.00 ms.
Mono: successfully reloaded assembly
- Completed reload, in  2.087 seconds
Domain Reload Profiling:
	ReloadAssembly (2088ms)
		BeginReloadAssembly (335ms)
			ExecutionOrderSort (0ms)
			DisableScriptedObjects (9ms)
			BackupInstance (0ms)
			ReleaseScriptingObjects (0ms)
			CreateAndSetChildDomain (45ms)
		EndReloadAssembly (1603ms)
			LoadAssemblies (317ms)
			RebuildTransferFunctionScriptingTraits (0ms)
			SetupTypeCache (454ms)
			ReleaseScriptCaches (1ms)
			RebuildScriptCaches (56ms)
			SetupLoadedEditorAssemblies (762ms)
				LogAssemblyErrors (0ms)
				InitializePlatformSupportModulesInManaged (8ms)
				SetLoadedEditorAssemblies (1ms)
				RefreshPlugins (1ms)
				BeforeProcessingInitializeOnLoad (162ms)
				ProcessInitializeOnLoadAttributes (480ms)
				ProcessInitializeOnLoadMethodAttributes (49ms)
				AfterProcessingInitializeOnLoad (62ms)
				EditorAssembliesLoaded (0ms)
			ExecutionOrderSort2 (0ms)
			AwakeInstancesAfterBackupRestoration (9ms)
Platform modules already initialized, skipping
Shader 'Legacy Shaders/Diffuse': fallback shader 'Legacy Shaders/VertexLit' not found
Shader 'Legacy Shaders/Bumped Specular': fallback shader 'Legacy Shaders/Specular' not found
Shader 'Legacy Shaders/Self-Illumin/Bumped Specular': fallback shader 'Legacy Shaders/Self-Illumin/Specular' not found
Shader 'Legacy Shaders/Self-Illumin/Specular': fallback shader 'Legacy Shaders/Self-Illumin/Diffuse' not found
Shader 'Legacy Shaders/Diffuse': fallback shader 'Legacy Shaders/VertexLit' not found
Shader 'Legacy Shaders/Specular': fallback shader 'Legacy Shaders/VertexLit' not found
Refreshing native plugins compatible for Editor in 1.50 ms, found 2 plugins.
Preloading 0 native plugins for Editor in 0.00 ms.
Unloading 2456 Unused Serialized files (Serialized files now loaded: 0)
System memory in use before: 119.9 MB.
System memory in use after: 120.1 MB.

Unloading 51 unused Assets to reduce memory usage. Loaded Objects now: 2973.
Total: 9.175000 ms (FindLiveObjects: 0.388600 ms CreateObjectMapping: 0.226000 ms MarkObjects: 8.513400 ms  DeleteObjects: 0.044700 ms)

AssetImportParameters requested are different than current active one (requested -> active):
  custom:framework-win-MediaFoundation: 216162199b28c13a410421893ffa2e32 -> 
  custom:video-decoder-ogg-theora: a1e56fd34408186e4bbccfd4996cb3dc -> 
  custom:container-muxer-webm: aa71ff27fc2769a1b78a27578f13a17b -> 
  custom:container-demuxer-webm: 4f35f7cbe854078d1ac9338744f61a02 -> 
  custom:container-demuxer-ogg: 62fdf1f143b41e24485cea50d1cbac27 -> 
  custom:video-encoder-webm-vp8: eb34c28f22e8b96e1ab97ce403110664 -> 
  custom:video-codec-MediaFoundation-h265: 746d11721c4dcdbdad8f713fa42b33f4 -> 
  custom:video-decoder-webm-vp8: 9c59270c3fd7afecdb556c50c9e8de78 -> 
  custom:audio-decoder-ogg-vorbis: bf7c407c2cedff20999df2af8eb42d56 -> 
  custom:audio-encoder-webm-vorbis: bf7c407c2cedff20999df2af8eb42d56 -> 
========================================================================
Received Import Request.
  Time since last request: 45.749891 seconds.
  path: Assets/Scripts/PlayerCharacter.cs
  artifactKey: Guid(8ec5471c398a98047acdf451d5d2118c) Importer(815301076,1909f56bfc062723c751e8b465ee728b)
Start importing Assets/Scripts/PlayerCharacter.cs using Guid(8ec5471c398a98047acdf451d5d2118c) Importer(815301076,1909f56bfc062723c751e8b465ee728b)  -> (artifact id: '1a7616737e45fa7d3174a2a4fdce0587') in 0.059785 seconds 
  Import took 0.096813 seconds .

========================================================================
Received Prepare
Registering precompiled user dll's ...
Registered in 0.020121 seconds.
Begin MonoManager ReloadAssembly
Native extension for WindowsStandalone target not found
Refreshing native plugins compatible for Editor in 1.19 ms, found 2 plugins.
Preloading 0 native plugins for Editor in 0.00 ms.
Mono: successfully reloaded assembly
- Completed reload, in  2.454 seconds
Domain Reload Profiling:
	ReloadAssembly (2454ms)
		BeginReloadAssembly (427ms)
			ExecutionOrderSort (0ms)
			DisableScriptedObjects (10ms)
			BackupInstance (0ms)
			ReleaseScriptingObjects (0ms)
			CreateAndSetChildDomain (68ms)
		EndReloadAssembly (1878ms)
			LoadAssemblies (363ms)
			RebuildTransferFunctionScriptingTraits (0ms)
			SetupTypeCache (510ms)
			ReleaseScriptCaches (1ms)
			RebuildScriptCaches (72ms)
			SetupLoadedEditorAssemblies (876ms)
				LogAssemblyErrors (0ms)
				InitializePlatformSupportModulesInManaged (9ms)
				SetLoadedEditorAssemblies (1ms)
				RefreshPlugins (1ms)
				BeforeProcessingInitializeOnLoad (176ms)
				ProcessInitializeOnLoadAttributes (575ms)
				ProcessInitializeOnLoadMethodAttributes (53ms)
				AfterProcessingInitializeOnLoad (60ms)
				EditorAssembliesLoaded (0ms)
			ExecutionOrderSort2 (0ms)
			AwakeInstancesAfterBackupRestoration (10ms)
Platform modules already initialized, skipping
Shader 'Legacy Shaders/Diffuse': fallback shader 'Legacy Shaders/VertexLit' not found
Shader 'Legacy Shaders/Bumped Specular': fallback shader 'Legacy Shaders/Specular' not found
Shader 'Legacy Shaders/Self-Illumin/Bumped Specular': fallback shader 'Legacy Shaders/Self-Illumin/Specular' not found
Shader 'Legacy Shaders/Self-Illumin/Specular': fallback shader 'Legacy Shaders/Self-Illumin/Diffuse' not found
Shader 'Legacy Shaders/Diffuse': fallback shader 'Legacy Shaders/VertexLit' not found
Shader 'Legacy Shaders/Specular': fallback shader 'Legacy Shaders/VertexLit' not found
Refreshing native plugins compatible for Editor in 0.98 ms, found 2 plugins.
Preloading 0 native plugins for Editor in 0.00 ms.
Unloading 2457 Unused Serialized files (Serialized files now loaded: 0)
System memory in use before: 119.9 MB.
System memory in use after: 120.1 MB.

Unloading 50 unused Assets to reduce memory usage. Loaded Objects now: 2976.
Total: 9.581500 ms (FindLiveObjects: 0.446600 ms CreateObjectMapping: 0.174700 ms MarkObjects: 8.918900 ms  DeleteObjects: 0.039200 ms)

AssetImportParameters requested are different than current active one (requested -> active):
  custom:framework-win-MediaFoundation: 216162199b28c13a410421893ffa2e32 -> 
  custom:video-decoder-ogg-theora: a1e56fd34408186e4bbccfd4996cb3dc -> 
  custom:container-muxer-webm: aa71ff27fc2769a1b78a27578f13a17b -> 
  custom:container-demuxer-webm: 4f35f7cbe854078d1ac9338744f61a02 -> 
  custom:container-demuxer-ogg: 62fdf1f143b41e24485cea50d1cbac27 -> 
  custom:video-encoder-webm-vp8: eb34c28f22e8b96e1ab97ce403110664 -> 
  custom:video-codec-MediaFoundation-h265: 746d11721c4dcdbdad8f713fa42b33f4 -> 
  custom:video-decoder-webm-vp8: 9c59270c3fd7afecdb556c50c9e8de78 -> 
  custom:audio-decoder-ogg-vorbis: bf7c407c2cedff20999df2af8eb42d56 -> 
  custom:audio-encoder-webm-vorbis: bf7c407c2cedff20999df2af8eb42d56 -> 
========================================================================
Received Prepare
Registering precompiled user dll's ...
Registered in 0.013919 seconds.
Begin MonoManager ReloadAssembly
Native extension for WindowsStandalone target not found
Refreshing native plugins compatible for Editor in 0.91 ms, found 2 plugins.
Preloading 0 native plugins for Editor in 0.00 ms.
Mono: successfully reloaded assembly
- Completed reload, in  2.509 seconds
Domain Reload Profiling:
	ReloadAssembly (2510ms)
		BeginReloadAssembly (550ms)
			ExecutionOrderSort (0ms)
			DisableScriptedObjects (10ms)
			BackupInstance (0ms)
			ReleaseScriptingObjects (0ms)
			CreateAndSetChildDomain (75ms)
		EndReloadAssembly (1774ms)
			LoadAssemblies (515ms)
			RebuildTransferFunctionScriptingTraits (0ms)
			SetupTypeCache (449ms)
			ReleaseScriptCaches (1ms)
			RebuildScriptCaches (59ms)
			SetupLoadedEditorAssemblies (894ms)
				LogAssemblyErrors (0ms)
				InitializePlatformSupportModulesInManaged (8ms)
				SetLoadedEditorAssemblies (1ms)
				RefreshPlugins (1ms)
				BeforeProcessingInitializeOnLoad (190ms)
				ProcessInitializeOnLoadAttributes (556ms)
				ProcessInitializeOnLoadMethodAttributes (66ms)
				AfterProcessingInitializeOnLoad (70ms)
				EditorAssembliesLoaded (1ms)
			ExecutionOrderSort2 (0ms)
			AwakeInstancesAfterBackupRestoration (9ms)
Platform modules already initialized, skipping
Shader 'Legacy Shaders/Diffuse': fallback shader 'Legacy Shaders/VertexLit' not found
Shader 'Legacy Shaders/Bumped Specular': fallback shader 'Legacy Shaders/Specular' not found
Shader 'Legacy Shaders/Self-Illumin/Bumped Specular': fallback shader 'Legacy Shaders/Self-Illumin/Specular' not found
Shader 'Legacy Shaders/Self-Illumin/Specular': fallback shader 'Legacy Shaders/Self-Illumin/Diffuse' not found
Shader 'Legacy Shaders/Diffuse': fallback shader 'Legacy Shaders/VertexLit' not found
Shader 'Legacy Shaders/Specular': fallback shader 'Legacy Shaders/VertexLit' not found
Refreshing native plugins compatible for Editor in 1.42 ms, found 2 plugins.
Preloading 0 native plugins for Editor in 0.00 ms.
Unloading 2458 Unused Serialized files (Serialized files now loaded: 0)
System memory in use before: 119.8 MB.
System memory in use after: 120.1 MB.

Unloading 50 unused Assets to reduce memory usage. Loaded Objects now: 2979.
Total: 22.413300 ms (FindLiveObjects: 0.448100 ms CreateObjectMapping: 0.203300 ms MarkObjects: 21.695700 ms  DeleteObjects: 0.062700 ms)

AssetImportParameters requested are different than current active one (requested -> active):
  custom:framework-win-MediaFoundation: 216162199b28c13a410421893ffa2e32 -> 
  custom:video-decoder-ogg-theora: a1e56fd34408186e4bbccfd4996cb3dc -> 
  custom:container-muxer-webm: aa71ff27fc2769a1b78a27578f13a17b -> 
  custom:container-demuxer-webm: 4f35f7cbe854078d1ac9338744f61a02 -> 
  custom:container-demuxer-ogg: 62fdf1f143b41e24485cea50d1cbac27 -> 
  custom:video-encoder-webm-vp8: eb34c28f22e8b96e1ab97ce403110664 -> 
  custom:video-codec-MediaFoundation-h265: 746d11721c4dcdbdad8f713fa42b33f4 -> 
  custom:video-decoder-webm-vp8: 9c59270c3fd7afecdb556c50c9e8de78 -> 
  custom:audio-decoder-ogg-vorbis: bf7c407c2cedff20999df2af8eb42d56 -> 
  custom:audio-encoder-webm-vorbis: bf7c407c2cedff20999df2af8eb42d56 -> 
========================================================================
Received Import Request.
  Time since last request: 67.598680 seconds.
  path: Assets/Scripts/PlayerControl.cs
  artifactKey: Guid(c4619b815983c17498f036761696b27b) Importer(815301076,1909f56bfc062723c751e8b465ee728b)
Start importing Assets/Scripts/PlayerControl.cs using Guid(c4619b815983c17498f036761696b27b) Importer(815301076,1909f56bfc062723c751e8b465ee728b)  -> (artifact id: '4bead73a1f802cf5129da66b70e878fb') in 0.026894 seconds 
  Import took 0.078433 seconds .

========================================================================
Received Import Request.
  Time since last request: 7.158823 seconds.
  path: Assets/Scripts/CameraControl.cs
  artifactKey: Guid(77bd3dce8a7752c43be47c6d71b4623a) Importer(815301076,1909f56bfc062723c751e8b465ee728b)
Start importing Assets/Scripts/CameraControl.cs using Guid(77bd3dce8a7752c43be47c6d71b4623a) Importer(815301076,1909f56bfc062723c751e8b465ee728b)  -> (artifact id: 'a5ab26a4f07a6ea593bfe686740f3d74') in 0.020471 seconds 
  Import took 0.080989 seconds .

========================================================================
Received Prepare
Registering precompiled user dll's ...
Registered in 0.012263 seconds.
Begin MonoManager ReloadAssembly
Native extension for WindowsStandalone target not found
Refreshing native plugins compatible for Editor in 1.05 ms, found 2 plugins.
Preloading 0 native plugins for Editor in 0.00 ms.
Mono: successfully reloaded assembly
- Completed reload, in  3.679 seconds
Domain Reload Profiling:
	ReloadAssembly (3680ms)
		BeginReloadAssembly (569ms)
			ExecutionOrderSort (0ms)
			DisableScriptedObjects (17ms)
			BackupInstance (0ms)
			ReleaseScriptingObjects (0ms)
			CreateAndSetChildDomain (61ms)
		EndReloadAssembly (2803ms)
			LoadAssemblies (523ms)
			RebuildTransferFunctionScriptingTraits (0ms)
			SetupTypeCache (801ms)
			ReleaseScriptCaches (2ms)
			RebuildScriptCaches (96ms)
			SetupLoadedEditorAssemblies (1485ms)
				LogAssemblyErrors (0ms)
				InitializePlatformSupportModulesInManaged (10ms)
				SetLoadedEditorAssemblies (1ms)
				RefreshPlugins (1ms)
				BeforeProcessingInitializeOnLoad (370ms)
				ProcessInitializeOnLoadAttributes (957ms)
				ProcessInitializeOnLoadMethodAttributes (72ms)
				AfterProcessingInitializeOnLoad (75ms)
				EditorAssembliesLoaded (0ms)
			ExecutionOrderSort2 (0ms)
			AwakeInstancesAfterBackupRestoration (11ms)
Platform modules already initialized, skipping
Shader 'Legacy Shaders/Diffuse': fallback shader 'Legacy Shaders/VertexLit' not found
Shader 'Legacy Shaders/Bumped Specular': fallback shader 'Legacy Shaders/Specular' not found
Shader 'Legacy Shaders/Self-Illumin/Bumped Specular': fallback shader 'Legacy Shaders/Self-Illumin/Specular' not found
Shader 'Legacy Shaders/Self-Illumin/Specular': fallback shader 'Legacy Shaders/Self-Illumin/Diffuse' not found
Shader 'Legacy Shaders/Diffuse': fallback shader 'Legacy Shaders/VertexLit' not found
Shader 'Legacy Shaders/Specular': fallback shader 'Legacy Shaders/VertexLit' not found
Refreshing native plugins compatible for Editor in 0.99 ms, found 2 plugins.
Preloading 0 native plugins for Editor in 0.00 ms.
Unloading 2457 Unused Serialized files (Serialized files now loaded: 0)
System memory in use before: 119.9 MB.
System memory in use after: 120.1 MB.

Unloading 51 unused Assets to reduce memory usage. Loaded Objects now: 2980.
Total: 7.805500 ms (FindLiveObjects: 0.288500 ms CreateObjectMapping: 0.122200 ms MarkObjects: 7.351600 ms  DeleteObjects: 0.041400 ms)

AssetImportParameters requested are different than current active one (requested -> active):
  custom:framework-win-MediaFoundation: 216162199b28c13a410421893ffa2e32 -> 
  custom:video-decoder-ogg-theora: a1e56fd34408186e4bbccfd4996cb3dc -> 
  custom:container-muxer-webm: aa71ff27fc2769a1b78a27578f13a17b -> 
  custom:container-demuxer-webm: 4f35f7cbe854078d1ac9338744f61a02 -> 
  custom:container-demuxer-ogg: 62fdf1f143b41e24485cea50d1cbac27 -> 
  custom:video-encoder-webm-vp8: eb34c28f22e8b96e1ab97ce403110664 -> 
  custom:video-codec-MediaFoundation-h265: 746d11721c4dcdbdad8f713fa42b33f4 -> 
  custom:video-decoder-webm-vp8: 9c59270c3fd7afecdb556c50c9e8de78 -> 
  custom:audio-decoder-ogg-vorbis: bf7c407c2cedff20999df2af8eb42d56 -> 
  custom:audio-encoder-webm-vorbis: bf7c407c2cedff20999df2af8eb42d56 -> 
========================================================================
Received Prepare
Registering precompiled user dll's ...
Registered in 0.011085 seconds.
Begin MonoManager ReloadAssembly
Native extension for WindowsStandalone target not found
Refreshing native plugins compatible for Editor in 1.00 ms, found 2 plugins.
Preloading 0 native plugins for Editor in 0.00 ms.
Mono: successfully reloaded assembly
- Completed reload, in  2.850 seconds
Domain Reload Profiling:
	ReloadAssembly (2850ms)
		BeginReloadAssembly (321ms)
			ExecutionOrderSort (0ms)
			DisableScriptedObjects (11ms)
			BackupInstance (0ms)
			ReleaseScriptingObjects (0ms)
			CreateAndSetChildDomain (46ms)
		EndReloadAssembly (2368ms)
			LoadAssemblies (345ms)
			RebuildTransferFunctionScriptingTraits (0ms)
			SetupTypeCache (717ms)
			ReleaseScriptCaches (2ms)
			RebuildScriptCaches (81ms)
			SetupLoadedEditorAssemblies (1128ms)
				LogAssemblyErrors (0ms)
				InitializePlatformSupportModulesInManaged (8ms)
				SetLoadedEditorAssemblies (1ms)
				RefreshPlugins (1ms)
				BeforeProcessingInitializeOnLoad (207ms)
				ProcessInitializeOnLoadAttributes (784ms)
				ProcessInitializeOnLoadMethodAttributes (55ms)
				AfterProcessingInitializeOnLoad (72ms)
				EditorAssembliesLoaded (0ms)
			ExecutionOrderSort2 (0ms)
			AwakeInstancesAfterBackupRestoration (20ms)
Platform modules already initialized, skipping
Shader 'Legacy Shaders/Diffuse': fallback shader 'Legacy Shaders/VertexLit' not found
Shader 'Legacy Shaders/Bumped Specular': fallback shader 'Legacy Shaders/Specular' not found
Shader 'Legacy Shaders/Self-Illumin/Bumped Specular': fallback shader 'Legacy Shaders/Self-Illumin/Specular' not found
Shader 'Legacy Shaders/Self-Illumin/Specular': fallback shader 'Legacy Shaders/Self-Illumin/Diffuse' not found
Shader 'Legacy Shaders/Diffuse': fallback shader 'Legacy Shaders/VertexLit' not found
Shader 'Legacy Shaders/Specular': fallback shader 'Legacy Shaders/VertexLit' not found
Refreshing native plugins compatible for Editor in 1.29 ms, found 2 plugins.
Preloading 0 native plugins for Editor in 0.00 ms.
Unloading 2457 Unused Serialized files (Serialized files now loaded: 0)
System memory in use before: 119.9 MB.
System memory in use after: 120.1 MB.

Unloading 50 unused Assets to reduce memory usage. Loaded Objects now: 2982.
Total: 95.669600 ms (FindLiveObjects: 62.852300 ms CreateObjectMapping: 0.309100 ms MarkObjects: 32.126000 ms  DeleteObjects: 0.379000 ms)

AssetImportParameters requested are different than current active one (requested -> active):
  custom:framework-win-MediaFoundation: 216162199b28c13a410421893ffa2e32 -> 
  custom:video-decoder-ogg-theora: a1e56fd34408186e4bbccfd4996cb3dc -> 
  custom:container-muxer-webm: aa71ff27fc2769a1b78a27578f13a17b -> 
  custom:container-demuxer-webm: 4f35f7cbe854078d1ac9338744f61a02 -> 
  custom:container-demuxer-ogg: 62fdf1f143b41e24485cea50d1cbac27 -> 
  custom:video-encoder-webm-vp8: eb34c28f22e8b96e1ab97ce403110664 -> 
  custom:video-codec-MediaFoundation-h265: 746d11721c4dcdbdad8f713fa42b33f4 -> 
  custom:video-decoder-webm-vp8: 9c59270c3fd7afecdb556c50c9e8de78 -> 
  custom:audio-decoder-ogg-vorbis: bf7c407c2cedff20999df2af8eb42d56 -> 
  custom:audio-encoder-webm-vorbis: bf7c407c2cedff20999df2af8eb42d56 -> 
========================================================================
Received Prepare
Registering precompiled user dll's ...
Registered in 0.050542 seconds.
Begin MonoManager ReloadAssembly
Native extension for WindowsStandalone target not found
Refreshing native plugins compatible for Editor in 9.41 ms, found 2 plugins.
Preloading 0 native plugins for Editor in 0.00 ms.
Mono: successfully reloaded assembly
- Completed reload, in 11.391 seconds
Domain Reload Profiling:
	ReloadAssembly (11393ms)
		BeginReloadAssembly (2402ms)
			ExecutionOrderSort (0ms)
			DisableScriptedObjects (529ms)
			BackupInstance (0ms)
			ReleaseScriptingObjects (0ms)
			CreateAndSetChildDomain (331ms)
		EndReloadAssembly (8338ms)
			LoadAssemblies (1683ms)
			RebuildTransferFunctionScriptingTraits (0ms)
			SetupTypeCache (2141ms)
			ReleaseScriptCaches (2ms)
			RebuildScriptCaches (401ms)
			SetupLoadedEditorAssemblies (3680ms)
				LogAssemblyErrors (0ms)
				InitializePlatformSupportModulesInManaged (47ms)
				SetLoadedEditorAssemblies (1ms)
				RefreshPlugins (12ms)
				BeforeProcessingInitializeOnLoad (741ms)
				ProcessInitializeOnLoadAttributes (2458ms)
				ProcessInitializeOnLoadMethodAttributes (172ms)
				AfterProcessingInitializeOnLoad (241ms)
				EditorAssembliesLoaded (9ms)
			ExecutionOrderSort2 (0ms)
			AwakeInstancesAfterBackupRestoration (37ms)
Platform modules already initialized, skipping
Shader 'Legacy Shaders/Diffuse': fallback shader 'Legacy Shaders/VertexLit' not found
Shader 'Legacy Shaders/Bumped Specular': fallback shader 'Legacy Shaders/Specular' not found
Shader 'Legacy Shaders/Self-Illumin/Bumped Specular': fallback shader 'Legacy Shaders/Self-Illumin/Specular' not found
Shader 'Legacy Shaders/Self-Illumin/Specular': fallback shader 'Legacy Shaders/Self-Illumin/Diffuse' not found
Shader 'Legacy Shaders/Diffuse': fallback shader 'Legacy Shaders/VertexLit' not found
Shader 'Legacy Shaders/Specular': fallback shader 'Legacy Shaders/VertexLit' not found
Refreshing native plugins compatible for Editor in 1.30 ms, found 2 plugins.
Preloading 0 native plugins for Editor in 0.00 ms.
Unloading 2457 Unused Serialized files (Serialized files now loaded: 0)
System memory in use before: 119.9 MB.
System memory in use after: 120.1 MB.

Unloading 50 unused Assets to reduce memory usage. Loaded Objects now: 2984.
Total: 31.533400 ms (FindLiveObjects: 0.913400 ms CreateObjectMapping: 0.565000 ms MarkObjects: 30.011300 ms  DeleteObjects: 0.041100 ms)

AssetImportParameters requested are different than current active one (requested -> active):
  custom:framework-win-MediaFoundation: 216162199b28c13a410421893ffa2e32 -> 
  custom:video-decoder-ogg-theora: a1e56fd34408186e4bbccfd4996cb3dc -> 
  custom:container-muxer-webm: aa71ff27fc2769a1b78a27578f13a17b -> 
  custom:container-demuxer-webm: 4f35f7cbe854078d1ac9338744f61a02 -> 
  custom:container-demuxer-ogg: 62fdf1f143b41e24485cea50d1cbac27 -> 
  custom:video-encoder-webm-vp8: eb34c28f22e8b96e1ab97ce403110664 -> 
  custom:video-codec-MediaFoundation-h265: 746d11721c4dcdbdad8f713fa42b33f4 -> 
  custom:video-decoder-webm-vp8: 9c59270c3fd7afecdb556c50c9e8de78 -> 
  custom:audio-decoder-ogg-vorbis: bf7c407c2cedff20999df2af8eb42d56 -> 
  custom:audio-encoder-webm-vorbis: bf7c407c2cedff20999df2af8eb42d56 -> 
========================================================================
Received Import Request.
  Time since last request: 286.840889 seconds.
  path: Assets/Scripts/GameManger.cs
  artifactKey: Guid(d57b1ae6eedb7b34b9521c1ee6883076) Importer(815301076,1909f56bfc062723c751e8b465ee728b)
Start importing Assets/Scripts/GameManger.cs using Guid(d57b1ae6eedb7b34b9521c1ee6883076) Importer(815301076,1909f56bfc062723c751e8b465ee728b)  -> (artifact id: 'c03d6969131ed3da2ab62190d25d7ddc') in 0.068699 seconds 
  Import took 0.111138 seconds .

========================================================================
Received Prepare
Registering precompiled user dll's ...
Registered in 0.032654 seconds.
Begin MonoManager ReloadAssembly
Native extension for WindowsStandalone target not found
Refreshing native plugins compatible for Editor in 7.03 ms, found 2 plugins.
Preloading 0 native plugins for Editor in 0.00 ms.
Mono: successfully reloaded assembly
- Completed reload, in 10.813 seconds
Domain Reload Profiling:
	ReloadAssembly (10824ms)
		BeginReloadAssembly (1330ms)
			ExecutionOrderSort (0ms)
			DisableScriptedObjects (73ms)
			BackupInstance (0ms)
			ReleaseScriptingObjects (29ms)
			CreateAndSetChildDomain (140ms)
		EndReloadAssembly (8248ms)
			LoadAssemblies (1024ms)
			RebuildTransferFunctionScriptingTraits (0ms)
			SetupTypeCache (3006ms)
			ReleaseScriptCaches (3ms)
			RebuildScriptCaches (187ms)
			SetupLoadedEditorAssemblies (3389ms)
				LogAssemblyErrors (0ms)
				InitializePlatformSupportModulesInManaged (22ms)
				SetLoadedEditorAssemblies (1ms)
				RefreshPlugins (8ms)
				BeforeProcessingInitializeOnLoad (601ms)
				ProcessInitializeOnLoadAttributes (1643ms)
				ProcessInitializeOnLoadMethodAttributes (783ms)
				AfterProcessingInitializeOnLoad (331ms)
				EditorAssembliesLoaded (0ms)
			ExecutionOrderSort2 (0ms)
			AwakeInstancesAfterBackupRestoration (27ms)
Platform modules already initialized, skipping
Shader 'Legacy Shaders/Diffuse': fallback shader 'Legacy Shaders/VertexLit' not found
Shader 'Legacy Shaders/Bumped Specular': fallback shader 'Legacy Shaders/Specular' not found
Shader 'Legacy Shaders/Self-Illumin/Bumped Specular': fallback shader 'Legacy Shaders/Self-Illumin/Specular' not found
Shader 'Legacy Shaders/Self-Illumin/Specular': fallback shader 'Legacy Shaders/Self-Illumin/Diffuse' not found
Shader 'Legacy Shaders/Diffuse': fallback shader 'Legacy Shaders/VertexLit' not found
Shader 'Legacy Shaders/Specular': fallback shader 'Legacy Shaders/VertexLit' not found
Refreshing native plugins compatible for Editor in 0.98 ms, found 2 plugins.
Preloading 0 native plugins for Editor in 0.00 ms.
Unloading 2457 Unused Serialized files (Serialized files now loaded: 0)
System memory in use before: 119.9 MB.
System memory in use after: 120.2 MB.

Unloading 50 unused Assets to reduce memory usage. Loaded Objects now: 2986.
Total: 12.790000 ms (FindLiveObjects: 0.274900 ms CreateObjectMapping: 0.115200 ms MarkObjects: 12.358900 ms  DeleteObjects: 0.038700 ms)

AssetImportParameters requested are different than current active one (requested -> active):
  custom:framework-win-MediaFoundation: 216162199b28c13a410421893ffa2e32 -> 
  custom:video-decoder-ogg-theora: a1e56fd34408186e4bbccfd4996cb3dc -> 
  custom:container-muxer-webm: aa71ff27fc2769a1b78a27578f13a17b -> 
  custom:container-demuxer-webm: 4f35f7cbe854078d1ac9338744f61a02 -> 
  custom:container-demuxer-ogg: 62fdf1f143b41e24485cea50d1cbac27 -> 
  custom:video-encoder-webm-vp8: eb34c28f22e8b96e1ab97ce403110664 -> 
  custom:video-codec-MediaFoundation-h265: 746d11721c4dcdbdad8f713fa42b33f4 -> 
  custom:video-decoder-webm-vp8: 9c59270c3fd7afecdb556c50c9e8de78 -> 
  custom:audio-decoder-ogg-vorbis: bf7c407c2cedff20999df2af8eb42d56 -> 
  custom:audio-encoder-webm-vorbis: bf7c407c2cedff20999df2af8eb42d56 -> 
========================================================================
Received Prepare
Registering precompiled user dll's ...
Registered in 0.015473 seconds.
Begin MonoManager ReloadAssembly
Native extension for WindowsStandalone target not found
Refreshing native plugins compatible for Editor in 1.27 ms, found 2 plugins.
Preloading 0 native plugins for Editor in 0.00 ms.
Mono: successfully reloaded assembly
- Completed reload, in  4.496 seconds
Domain Reload Profiling:
	ReloadAssembly (4496ms)
		BeginReloadAssembly (609ms)
			ExecutionOrderSort (0ms)
			DisableScriptedObjects (19ms)
			BackupInstance (0ms)
			ReleaseScriptingObjects (0ms)
			CreateAndSetChildDomain (75ms)
		EndReloadAssembly (3586ms)
			LoadAssemblies (662ms)
			RebuildTransferFunctionScriptingTraits (0ms)
			SetupTypeCache (1209ms)
			ReleaseScriptCaches (1ms)
			RebuildScriptCaches (134ms)
			SetupLoadedEditorAssemblies (1448ms)
				LogAssemblyErrors (0ms)
				InitializePlatformSupportModulesInManaged (18ms)
				SetLoadedEditorAssemblies (1ms)
				RefreshPlugins (1ms)
				BeforeProcessingInitializeOnLoad (377ms)
				ProcessInitializeOnLoadAttributes (832ms)
				ProcessInitializeOnLoadMethodAttributes (89ms)
				AfterProcessingInitializeOnLoad (128ms)
				EditorAssembliesLoaded (0ms)
			ExecutionOrderSort2 (0ms)
			AwakeInstancesAfterBackupRestoration (9ms)
Platform modules already initialized, skipping
Shader 'Legacy Shaders/Diffuse': fallback shader 'Legacy Shaders/VertexLit' not found
Shader 'Legacy Shaders/Bumped Specular': fallback shader 'Legacy Shaders/Specular' not found
Shader 'Legacy Shaders/Self-Illumin/Bumped Specular': fallback shader 'Legacy Shaders/Self-Illumin/Specular' not found
Shader 'Legacy Shaders/Self-Illumin/Specular': fallback shader 'Legacy Shaders/Self-Illumin/Diffuse' not found
Shader 'Legacy Shaders/Diffuse': fallback shader 'Legacy Shaders/VertexLit' not found
Shader 'Legacy Shaders/Specular': fallback shader 'Legacy Shaders/VertexLit' not found
Refreshing native plugins compatible for Editor in 1.47 ms, found 2 plugins.
Preloading 0 native plugins for Editor in 0.00 ms.
Unloading 2457 Unused Serialized files (Serialized files now loaded: 0)
System memory in use before: 119.8 MB.
System memory in use after: 120.1 MB.

Unloading 50 unused Assets to reduce memory usage. Loaded Objects now: 2988.
Total: 19.007500 ms (FindLiveObjects: 0.344700 ms CreateObjectMapping: 0.176000 ms MarkObjects: 18.434300 ms  DeleteObjects: 0.050400 ms)

AssetImportParameters requested are different than current active one (requested -> active):
  custom:framework-win-MediaFoundation: 216162199b28c13a410421893ffa2e32 -> 
  custom:video-decoder-ogg-theora: a1e56fd34408186e4bbccfd4996cb3dc -> 
  custom:container-muxer-webm: aa71ff27fc2769a1b78a27578f13a17b -> 
  custom:container-demuxer-webm: 4f35f7cbe854078d1ac9338744f61a02 -> 
  custom:container-demuxer-ogg: 62fdf1f143b41e24485cea50d1cbac27 -> 
  custom:video-encoder-webm-vp8: eb34c28f22e8b96e1ab97ce403110664 -> 
  custom:video-codec-MediaFoundation-h265: 746d11721c4dcdbdad8f713fa42b33f4 -> 
  custom:video-decoder-webm-vp8: 9c59270c3fd7afecdb556c50c9e8de78 -> 
  custom:audio-decoder-ogg-vorbis: bf7c407c2cedff20999df2af8eb42d56 -> 
  custom:audio-encoder-webm-vorbis: bf7c407c2cedff20999df2af8eb42d56 -> 
========================================================================
Received Prepare
Registering precompiled user dll's ...
Registered in 0.021532 seconds.
Begin MonoManager ReloadAssembly
Native extension for WindowsStandalone target not found
Refreshing native plugins compatible for Editor in 7.80 ms, found 2 plugins.
Preloading 0 native plugins for Editor in 0.00 ms.
Mono: successfully reloaded assembly
- Completed reload, in  8.018 seconds
Domain Reload Profiling:
	ReloadAssembly (8019ms)
		BeginReloadAssembly (601ms)
			ExecutionOrderSort (0ms)
			DisableScriptedObjects (15ms)
			BackupInstance (0ms)
			ReleaseScriptingObjects (0ms)
			CreateAndSetChildDomain (80ms)
		EndReloadAssembly (6934ms)
			LoadAssemblies (624ms)
			RebuildTransferFunctionScriptingTraits (0ms)
			SetupTypeCache (1142ms)
			ReleaseScriptCaches (1ms)
			RebuildScriptCaches (180ms)
			SetupLoadedEditorAssemblies (4803ms)
				LogAssemblyErrors (0ms)
				InitializePlatformSupportModulesInManaged (21ms)
				SetLoadedEditorAssemblies (1ms)
				RefreshPlugins (8ms)
				BeforeProcessingInitializeOnLoad (685ms)
				ProcessInitializeOnLoadAttributes (3818ms)
				ProcessInitializeOnLoadMethodAttributes (91ms)
				AfterProcessingInitializeOnLoad (179ms)
				EditorAssembliesLoaded (0ms)
			ExecutionOrderSort2 (0ms)
			AwakeInstancesAfterBackupRestoration (22ms)
Platform modules already initialized, skipping
Shader 'Legacy Shaders/Diffuse': fallback shader 'Legacy Shaders/VertexLit' not found
Shader 'Legacy Shaders/Bumped Specular': fallback shader 'Legacy Shaders/Specular' not found
Shader 'Legacy Shaders/Self-Illumin/Bumped Specular': fallback shader 'Legacy Shaders/Self-Illumin/Specular' not found
Shader 'Legacy Shaders/Self-Illumin/Specular': fallback shader 'Legacy Shaders/Self-Illumin/Diffuse' not found
Shader 'Legacy Shaders/Diffuse': fallback shader 'Legacy Shaders/VertexLit' not found
Shader 'Legacy Shaders/Specular': fallback shader 'Legacy Shaders/VertexLit' not found
Refreshing native plugins compatible for Editor in 1.81 ms, found 2 plugins.
Preloading 0 native plugins for Editor in 0.00 ms.
Unloading 2457 Unused Serialized files (Serialized files now loaded: 0)
System memory in use before: 120.0 MB.
System memory in use after: 120.2 MB.

Unloading 50 unused Assets to reduce memory usage. Loaded Objects now: 2990.
Total: 32.639900 ms (FindLiveObjects: 0.612300 ms CreateObjectMapping: 0.258900 ms MarkObjects: 31.522100 ms  DeleteObjects: 0.241900 ms)

AssetImportParameters requested are different than current active one (requested -> active):
  custom:framework-win-MediaFoundation: 216162199b28c13a410421893ffa2e32 -> 
  custom:video-decoder-ogg-theora: a1e56fd34408186e4bbccfd4996cb3dc -> 
  custom:container-muxer-webm: aa71ff27fc2769a1b78a27578f13a17b -> 
  custom:container-demuxer-webm: 4f35f7cbe854078d1ac9338744f61a02 -> 
  custom:container-demuxer-ogg: 62fdf1f143b41e24485cea50d1cbac27 -> 
  custom:video-encoder-webm-vp8: eb34c28f22e8b96e1ab97ce403110664 -> 
  custom:video-codec-MediaFoundation-h265: 746d11721c4dcdbdad8f713fa42b33f4 -> 
  custom:video-decoder-webm-vp8: 9c59270c3fd7afecdb556c50c9e8de78 -> 
  custom:audio-decoder-ogg-vorbis: bf7c407c2cedff20999df2af8eb42d56 -> 
  custom:audio-encoder-webm-vorbis: bf7c407c2cedff20999df2af8eb42d56 -> 
========================================================================
Received Prepare
Registering precompiled user dll's ...
Registered in 0.011758 seconds.
Begin MonoManager ReloadAssembly
Native extension for WindowsStandalone target not found
Refreshing native plugins compatible for Editor in 2.05 ms, found 2 plugins.
Preloading 0 native plugins for Editor in 0.00 ms.
Mono: successfully reloaded assembly
- Completed reload, in  5.821 seconds
Domain Reload Profiling:
	ReloadAssembly (5823ms)
		BeginReloadAssembly (982ms)
			ExecutionOrderSort (0ms)
			DisableScriptedObjects (20ms)
			BackupInstance (0ms)
			ReleaseScriptingObjects (0ms)
			CreateAndSetChildDomain (112ms)
		EndReloadAssembly (4414ms)
			LoadAssemblies (1004ms)
			RebuildTransferFunctionScriptingTraits (0ms)
			SetupTypeCache (1234ms)
			ReleaseScriptCaches (2ms)
			RebuildScriptCaches (172ms)
			SetupLoadedEditorAssemblies (2068ms)
				LogAssemblyErrors (0ms)
				InitializePlatformSupportModulesInManaged (24ms)
				SetLoadedEditorAssemblies (2ms)
				RefreshPlugins (2ms)
				BeforeProcessingInitializeOnLoad (471ms)
				ProcessInitializeOnLoadAttributes (1296ms)
				ProcessInitializeOnLoadMethodAttributes (114ms)
				AfterProcessingInitializeOnLoad (158ms)
				EditorAssembliesLoaded (1ms)
			ExecutionOrderSort2 (0ms)
			AwakeInstancesAfterBackupRestoration (27ms)
Platform modules already initialized, skipping
Shader 'Legacy Shaders/Diffuse': fallback shader 'Legacy Shaders/VertexLit' not found
Shader 'Legacy Shaders/Bumped Specular': fallback shader 'Legacy Shaders/Specular' not found
Shader 'Legacy Shaders/Self-Illumin/Bumped Specular': fallback shader 'Legacy Shaders/Self-Illumin/Specular' not found
Shader 'Legacy Shaders/Self-Illumin/Specular': fallback shader 'Legacy Shaders/Self-Illumin/Diffuse' not found
Shader 'Legacy Shaders/Diffuse': fallback shader 'Legacy Shaders/VertexLit' not found
Shader 'Legacy Shaders/Specular': fallback shader 'Legacy Shaders/VertexLit' not found
Refreshing native plugins compatible for Editor in 2.23 ms, found 2 plugins.
Preloading 0 native plugins for Editor in 0.00 ms.
Unloading 2457 Unused Serialized files (Serialized files now loaded: 0)
System memory in use before: 120.0 MB.
System memory in use after: 120.2 MB.

Unloading 50 unused Assets to reduce memory usage. Loaded Objects now: 2992.
Total: 16.825200 ms (FindLiveObjects: 0.468000 ms CreateObjectMapping: 0.215400 ms MarkObjects: 16.035200 ms  DeleteObjects: 0.103800 ms)

AssetImportParameters requested are different than current active one (requested -> active):
  custom:framework-win-MediaFoundation: 216162199b28c13a410421893ffa2e32 -> 
  custom:video-decoder-ogg-theora: a1e56fd34408186e4bbccfd4996cb3dc -> 
  custom:container-muxer-webm: aa71ff27fc2769a1b78a27578f13a17b -> 
  custom:container-demuxer-webm: 4f35f7cbe854078d1ac9338744f61a02 -> 
  custom:container-demuxer-ogg: 62fdf1f143b41e24485cea50d1cbac27 -> 
  custom:video-encoder-webm-vp8: eb34c28f22e8b96e1ab97ce403110664 -> 
  custom:video-codec-MediaFoundation-h265: 746d11721c4dcdbdad8f713fa42b33f4 -> 
  custom:video-decoder-webm-vp8: 9c59270c3fd7afecdb556c50c9e8de78 -> 
  custom:audio-decoder-ogg-vorbis: bf7c407c2cedff20999df2af8eb42d56 -> 
  custom:audio-encoder-webm-vorbis: bf7c407c2cedff20999df2af8eb42d56 -> 
AssetImportWorkerClient::OnTransportError - code=2 error=End of file
